<?xml version="1.0" encoding="UTF-8"?>
<testsuite xmlns:xsi="http://www.w3.org/2001/XMLSchema-instance" xsi:noNamespaceSchemaLocation="https://maven.apache.org/surefire/maven-surefire-plugin/xsd/surefire-test-report.xsd" name="user.CreateOrderTest" time="11.831" tests="4" errors="0" skipped="0" failures="0">
  <properties>
[...]
</properties>
  <testcase name="createOrderWithoutAuthorizationTest" classname="user.CreateOrderTest" time="4.305"/>
  <testcase name="createOrderWithAuthorizationTest" classname="user.CreateOrderTest" time="2.825"/>
  <testcase name="createOrderWithWrongIngridientTest" classname="user.CreateOrderTest" time="2.232"/>
  <testcase name="createOrderWithoutIngridientTest" classname="user.CreateOrderTest" time="2.213"/>
</testsuite>